D2h symmetry:
       ag  b1g  b2g  b3g   au  b1u  b2u  b3u
ag    ag  b1g  b2g  b3g   au  b1u  b2u  b3u
b1g  b1g   ag  b3g  b2g  b1u   au  b3u  b2u
b2g  b2g  b3g   ag  b1g  b2u  b3u   au  b1u
b3g  b3g  b2g  b1g   ag  b3u  b2u  b1u   au
au    au  b1u  b2u  b3u   ag  b1g  b2g  b3g
b1u  b1u   au  b3u  b2u  b1g   ag  b3g  b2g
b2u  b2u  b3u   au  b1u  b2g  b3g   ag  b1g
b3u  b3u  b2u  b1u   au  b3g  b2g  b1g   ag

########################################
### distance is now 1.000000 angstrom ###
########################################
HF energy: -15.158489729886089 (Hartree)
FCI energy: None (Hartree)
nele = 6, norb = 7, nspinorb = nqubits = 14
   Energy  Occupancy
0  -4.497      2.000
1  -0.510      2.000
2  -0.350      1.000
3   0.040      1.000
4   0.205      0.000
5   0.573      0.000
6   1.472      0.000
active nele = 4, active nspinorb = nqubits = 12
MO occupancy in HF = [2. 2. 1. 1. 0. 0. 0.]
HF state in binary = 0b000000010111, where 1 is occ, 0 is unocc, and consider this by rotating it 90º counterclockwise!
Check HF energy:
 pyscf           = -15.1584897299
 qulacs          = -15.1584897299
 hf_ene_from_mat = -15.1584897299


=== Electronic Configuration: 0 ===

Energy: -15.481402803790903 [Eh]
|Psi> = (  0.0000411706) |000100110010>
      + (  0.0000411706) |000111000010>
      + (  0.0036662101) |001000001101>
      + (  0.0171436186) |001100000011>
      + (  0.0407325386) |001100001100>
      + (  0.0621389991) |001100110000>
      + (  0.0621389991) |001111000000>
      + (  0.0292965620) |011000001001>
      + (  0.0284798023) |011100001000>
      + (  0.0008835169) |100000000111>
      + (  0.0061002747) |100000110100>
      + (  0.0061002747) |100011000100>
      + (  0.0292965620) |100100000110>
      + (  0.0220640331) |110000000011>
      + (  0.0600332110) |110000001100>
      + (  0.0045251089) |110000110000>
      + (  0.0045251089) |110011000000>
      + (  0.0358893917) |110100000010>
total probability = 0.017711691451010318


=== CASCI Result ===

CASCI E = -15.4814028037909  E(CI) = -4.42393087290643  S^2 = 0.0000000
CASCI energy = -15.481402803790933
[0 1 2 4]
[ 3  5  6  7  8  9 10 11]
singles (15) = [[0, 3], [0, 5], [0, 7], [0, 9], [0, 11], [2, 3], [2, 5], [2, 7], [2, 9], [2, 11], [3, 4], [4, 5], [4, 7], [4, 9], [4, 11]]

doubles (75) = [[0, 1, 3, 5], [0, 1, 3, 7], [0, 1, 3, 9], [0, 1, 3, 11], [0, 1, 5, 7], [0, 1, 5, 9], [0, 1, 5, 11], [0, 1, 7, 9], [0, 1, 7, 11], [0, 1, 9, 11], [0, 2, 3, 6], [0, 2, 3, 8], [0, 2, 3, 10], [0, 2, 5, 6], [0, 2, 5, 8], [0, 2, 5, 10], [0, 2, 6, 7], [0, 2, 6, 9], [0, 2, 6, 11], [0, 2, 7, 8], [0, 2, 7, 10], [0, 2, 8, 9], [0, 2, 8, 11], [0, 2, 9, 10], [0, 2, 10, 11], [0, 3, 4, 6], [0, 3, 4, 8], [0, 3, 4, 10], [0, 4, 5, 6], [0, 4, 5, 8], [0, 4, 5, 10], [0, 4, 6, 7], [0, 4, 6, 9], [0, 4, 6, 11], [0, 4, 7, 8], [0, 4, 7, 10], [0, 4, 8, 9], [0, 4, 8, 11], [0, 4, 9, 10], [0, 4, 10, 11], [1, 2, 3, 5], [1, 2, 3, 7], [1, 2, 3, 9], [1, 2, 3, 11], [1, 2, 5, 7], [1, 2, 5, 9], [1, 2, 5, 11], [1, 2, 7, 9], [1, 2, 7, 11], [1, 2, 9, 11], [1, 3, 4, 5], [1, 3, 4, 7], [1, 3, 4, 9], [1, 3, 4, 11], [1, 4, 5, 7], [1, 4, 5, 9], [1, 4, 5, 11], [1, 4, 7, 9], [1, 4, 7, 11], [1, 4, 9, 11], [2, 3, 4, 6], [2, 3, 4, 8], [2, 3, 4, 10], [2, 4, 5, 6], [2, 4, 5, 8], [2, 4, 5, 10], [2, 4, 6, 7], [2, 4, 6, 9], [2, 4, 6, 11], [2, 4, 7, 8], [2, 4, 7, 10], [2, 4, 8, 9], [2, 4, 8, 11], [2, 4, 9, 10], [2, 4, 10, 11]]

initial state symmetry = b3g
Symmetry reduced singles (3) = [[2, 5], [3, 4], [4, 11]]

Symmetry reduced doubles (13) = [[0, 1, 3, 5], [0, 1, 5, 11], [0, 2, 5, 8], [0, 3, 4, 8], [0, 4, 8, 11], [0, 4, 9, 10], [1, 2, 5, 9], [1, 3, 4, 9], [1, 4, 9, 11], [2, 3, 4, 10], [2, 4, 6, 7], [2, 4, 8, 9], [2, 4, 10, 11]]
Warning: Desired error not necessarily achieved due to precision loss.
         Current function value: -15.463375
         Iterations: 153
         Function evaluations: 3327
         Gradient evaluations: 195
energy history [Eh]: [-13.295581762001893, -13.85116424720237, -14.599061738873408, -14.895901343132527, -15.071466895277338, -15.148873626819467, -15.157599569688882, -15.1582466943389, -15.158774228986614, -15.15879734330599, -15.158803110099205, -15.15884752398034, -15.158926872342402, -15.159069265368519, -15.159261375266377, -15.159493282948905, -15.159898788160277, -15.160476380689262, -15.160630630156687, -15.160642488649563, -15.16066296992844, -15.160697117775202, -15.160753015576743, -15.16084793007806, -15.161017566818668, -15.161327471471454, -15.161870654478566, -15.16252746417696, -15.16283625424251, -15.163344260777176, -15.163858585200185, -15.163901882224966, -15.163929054658109, -15.163933203681854, -15.163938968689461, -15.163984841784806, -15.164072588185746, -15.164478584369979, -15.16465102889441, -15.165494828791942, -15.166847773701814, -15.169342575087672, -15.174003905771471, -15.1818851241146, -15.19114044413821, -15.196145310758723, -15.23424654663626, -15.25861759371347, -15.298582023639915, -15.363658586768763, -15.439870879554276, -15.448347837631957, -15.451939561212708, -15.452883136088646, -15.453134008073572, -15.453223561619023, -15.453242142479796, -15.453245820817774, -15.453276951752926, -15.453332633155895, -15.45343575335718, -15.453626008162239, -15.453930761786244, -15.454110583090163, -15.45432692636504, -15.454611422561669, -15.454656823710529, -15.454694590407875, -15.454715491906855, -15.45475435278506, -15.454827415108673, -15.454964606607831, -15.455219680626938, -15.455690950743087, -15.4565623958722, -15.457110345278164, -15.457414264846161, -15.45779357922984, -15.458279328304792, -15.458772745601031, -15.459010486623024, -15.459458744454691, -15.460286866602331, -15.461648533196588, -15.462705354826708, -15.462963277697876, -15.463157157840213, -15.463201158028863, -15.463212619252173, -15.463218289351296, -15.463228716104831, -15.463247760096214, -15.463280288025503, -15.463323242632697, -15.463338459265955, -15.463345691592451, -15.463347740119321, -15.463348674021367, -15.463350342992381, -15.463353309863683, -15.463358327969722, -15.463365192576473, -15.463368212282857, -15.463369520225378, -15.46336975392002, -15.463369797015918, -15.463369840322848, -15.463369907862326, -15.463370034671737, -15.463370252548163, -15.463370509833794, -15.463370527513895, -15.4633705310244, -15.463370533892144, -15.46337053687402, -15.463370541451965, -15.46337054928549, -15.463370557903792, -15.463370566814415, -15.463370576467728, -15.46337058081199, -15.463370583095935, -15.463370585107008, -15.463370586063132, -15.463370587566521, -15.463370590242189, -15.463370607885508, -15.463370628722398, -15.463370661923108, -15.463370724981866, -15.463370831275373, -15.463371015780172, -15.463371324382596, -15.463371733077611, -15.463372279337717, -15.463373111239662, -15.46337434199541, -15.463374915606312, -15.463375021484424, -15.463375069125373, -15.463375108615494, -15.463375114510848, -15.463375115478957, -15.463375116193808, -15.46337511679559, -15.463375117647224, -15.463375118213438, -15.463375118260403, -15.46337511843129, -15.463375118485294, -15.463375118521904, -15.463375118544961, -15.463375118559307, -15.463375118559355]
VQE energy [Eh]: -15.463375118559355
VQE parameter: [ 8.70790193e-04  1.65926635e+00  4.21565883e-01  1.53818704e-01
 -6.11650775e-03  3.14173853e+00 -1.20771231e-03  3.87658976e-01
 -3.70386021e-01  5.59063380e-04  1.17753880e-03  2.20759452e-02
 -7.13815027e-05  2.50323284e-01  1.00138940e+00  6.30049052e-01]

########################################
### distance is now 1.326400 angstrom ###
########################################
HF energy: -15.28936028570597 (Hartree)
FCI energy: None (Hartree)
nele = 6, norb = 7, nspinorb = nqubits = 14
   Energy  Occupancy
0  -4.445      2.000
1  -0.444      2.000
2  -0.292      1.000
3   0.077      1.000
4   0.241      0.000
5   0.440      0.000
6   0.932      0.000
active nele = 4, active nspinorb = nqubits = 12
MO occupancy in HF = [2. 2. 1. 1. 0. 0. 0.]
HF state in binary = 0b000000010111, where 1 is occ, 0 is unocc, and consider this by rotating it 90º counterclockwise!
Check HF energy:
 pyscf           = -15.2893602857
 qulacs          = -15.2893602857
 hf_ene_from_mat = -15.2893602857


=== Electronic Configuration: 0 ===

Energy: -15.594800953848065 [Eh]
|Psi> = (  0.0083111902) |000100001110>
      + (  0.0009068237) |001000110001>
      + (  0.0009068237) |001011000001>
      + (  0.0275536077) |001100000011>
      + (  0.0547426078) |001100001100>
      + (  0.0568128493) |001100110000>
      + (  0.0568128493) |001111000000>
      + (  0.0034054393) |010100001010>
      + (  0.0422593192) |011000000110>
      + (  0.0521713877) |011100001000>
      + (  0.0031025281) |100000000111>
      + (  0.0070523834) |100000110100>
      + (  0.0070523834) |100011000100>
      + (  0.0422593192) |100100001001>
      + (  0.0034054393) |101000000101>
      + (  0.0369284055) |110000000011>
      + (  0.0795801255) |110000001100>
      + (  0.0605965453) |111000000001>
total probability = 0.028076565183600806


=== CASCI Result ===

CASCI E = -15.5948009538481  E(CI) = -3.95094199478242  S^2 = 0.0000000
CASCI energy = -15.594800953848065
[0 1 2 4]
[ 3  5  6  7  8  9 10 11]
singles (15) = [[0, 3], [0, 5], [0, 7], [0, 9], [0, 11], [2, 3], [2, 5], [2, 7], [2, 9], [2, 11], [3, 4], [4, 5], [4, 7], [4, 9], [4, 11]]

doubles (75) = [[0, 1, 3, 5], [0, 1, 3, 7], [0, 1, 3, 9], [0, 1, 3, 11], [0, 1, 5, 7], [0, 1, 5, 9], [0, 1, 5, 11], [0, 1, 7, 9], [0, 1, 7, 11], [0, 1, 9, 11], [0, 2, 3, 6], [0, 2, 3, 8], [0, 2, 3, 10], [0, 2, 5, 6], [0, 2, 5, 8], [0, 2, 5, 10], [0, 2, 6, 7], [0, 2, 6, 9], [0, 2, 6, 11], [0, 2, 7, 8], [0, 2, 7, 10], [0, 2, 8, 9], [0, 2, 8, 11], [0, 2, 9, 10], [0, 2, 10, 11], [0, 3, 4, 6], [0, 3, 4, 8], [0, 3, 4, 10], [0, 4, 5, 6], [0, 4, 5, 8], [0, 4, 5, 10], [0, 4, 6, 7], [0, 4, 6, 9], [0, 4, 6, 11], [0, 4, 7, 8], [0, 4, 7, 10], [0, 4, 8, 9], [0, 4, 8, 11], [0, 4, 9, 10], [0, 4, 10, 11], [1, 2, 3, 5], [1, 2, 3, 7], [1, 2, 3, 9], [1, 2, 3, 11], [1, 2, 5, 7], [1, 2, 5, 9], [1, 2, 5, 11], [1, 2, 7, 9], [1, 2, 7, 11], [1, 2, 9, 11], [1, 3, 4, 5], [1, 3, 4, 7], [1, 3, 4, 9], [1, 3, 4, 11], [1, 4, 5, 7], [1, 4, 5, 9], [1, 4, 5, 11], [1, 4, 7, 9], [1, 4, 7, 11], [1, 4, 9, 11], [2, 3, 4, 6], [2, 3, 4, 8], [2, 3, 4, 10], [2, 4, 5, 6], [2, 4, 5, 8], [2, 4, 5, 10], [2, 4, 6, 7], [2, 4, 6, 9], [2, 4, 6, 11], [2, 4, 7, 8], [2, 4, 7, 10], [2, 4, 8, 9], [2, 4, 8, 11], [2, 4, 9, 10], [2, 4, 10, 11]]

initial state symmetry = b3g
Symmetry reduced singles (3) = [[2, 5], [3, 4], [4, 11]]

Symmetry reduced doubles (13) = [[0, 1, 3, 5], [0, 1, 5, 11], [0, 2, 5, 8], [0, 3, 4, 8], [0, 4, 8, 11], [0, 4, 9, 10], [1, 2, 5, 9], [1, 3, 4, 9], [1, 4, 9, 11], [2, 3, 4, 10], [2, 4, 6, 7], [2, 4, 8, 9], [2, 4, 10, 11]]
Warning: Desired error not necessarily achieved due to precision loss.
         Current function value: -15.569106
         Iterations: 165
         Function evaluations: 4104
         Gradient evaluations: 241
energy history [Eh]: [-13.931328906150666, -14.367765869287636, -14.926223136452593, -15.018939101895326, -15.180975681616898, -15.235928141241146, -15.289083255814342, -15.289285247538979, -15.28945950294058, -15.28946255868219, -15.289463735724688, -15.289465972862669, -15.289483894503082, -15.289516062397603, -15.289713454220063, -15.290381536149035, -15.291388387848118, -15.293018117490224, -15.294439114925492, -15.295486421787535, -15.295606009631797, -15.295638497779233, -15.295699911925357, -15.295817502867965, -15.296705467216682, -15.296912159859893, -15.297227859592438, -15.29769433784964, -15.298176113421423, -15.29843925341684, -15.298706487242189, -15.29873867129767, -15.298795816336806, -15.298897278837401, -15.299071417325619, -15.299347104222294, -15.299701985575597, -15.300088484914191, -15.300442661940595, -15.300507439949605, -15.300542237260343, -15.300555615602637, -15.30056445238278, -15.300633340785495, -15.300748313950393, -15.300950200510794, -15.301321537009411, -15.302758125257746, -15.30286843473849, -15.303848215076648, -15.304808768184323, -15.30579956848298, -15.307185948467964, -15.30971614524482, -15.325059033518006, -15.348773326172761, -15.393318938425491, -15.42977156180594, -15.447678689124858, -15.4765437416684, -15.508485987825132, -15.53496072399345, -15.546830239389983, -15.548774912768597, -15.549301996945504, -15.549422296564977, -15.549497088509646, -15.550145800806217, -15.551205897157745, -15.551810612289884, -15.552925853831038, -15.554861912214122, -15.557158177036923, -15.557293865054314, -15.557490260472449, -15.55772636797109, -15.558142541355572, -15.558891893624688, -15.559699850118607, -15.560397944016596, -15.56158063059525, -15.562529166589773, -15.56309765842932, -15.563613237787138, -15.564248200055351, -15.564690193063576, -15.565465961619537, -15.566747870705562, -15.567999301021878, -15.568430631272303, -15.568543033067257, -15.568592967857123, -15.568684356461706, -15.568841171237434, -15.569033127727035, -15.5690601836524, -15.569067616154301, -15.569068981857782, -15.569070203795874, -15.569072210175795, -15.56907542555588, -15.569079053897639, -15.569080127575681, -15.569080473738689, -15.569080588940011, -15.56908077812901, -15.569081104802585, -15.569081637405407, -15.569082128099685, -15.569082250309338, -15.569082339434768, -15.569082384121277, -15.569082466748243, -15.569082621529816, -15.569082914416134, -15.569083445120743, -15.569084413027198, -15.569086116080838, -15.569088941292001, -15.569093483585625, -15.569098517169435, -15.569100299830627, -15.569101062007299, -15.569101420398729, -15.56910178684456, -15.56910195093655, -15.569102174428963, -15.569102555522733, -15.56910319838371, -15.569104208161924, -15.569105195455927, -15.569105593933873, -15.56910574321526, -15.569105753024022, -15.569105753137874, -15.569105753289286, -15.569105753488302, -15.569105753568856, -15.569105753583429, -15.569105753584747, -15.569105753585637, -15.569105753586765, -15.569105753588186, -15.569105753595872, -15.56910575360348, -15.569105753607085, -15.56910575360855, -15.569105753610836, -15.569105753610883, -15.569105753610957, -15.569105753611531, -15.5691057536123, -15.56910575361673, -15.569105753621683, -15.5691057536248, -15.569105753625632, -15.569105753626424, -15.56910575362693, -15.569105753627252, -15.569105753629833, -15.569105753632325, -15.569105753634947, -15.569105753637626, -15.569105753638985, -15.569105753639036, -15.569105753639121]
VQE energy [Eh]: -15.569105753639121
VQE parameter: [ 3.13899228e+00  1.69290194e+00  5.37505036e-01  3.14529164e+00
  3.01405132e-04 -2.39706418e-04 -1.41205882e-03  4.84671264e-01
  3.57320208e+00  5.19129049e-04  1.96660514e-03 -6.83432721e-02
  3.58586034e-06  1.43345684e-01  1.11230195e+00  1.54966684e+00]

########################################
### distance is now 1.500000 angstrom ###
########################################
HF energy: -15.280935697800636 (Hartree)
FCI energy: None (Hartree)
nele = 6, norb = 7, nspinorb = nqubits = 14
   Energy  Occupancy
0  -4.442      2.000
1  -0.410      2.000
2  -0.264      1.000
3   0.087      1.000
4   0.251      0.000
5   0.367      0.000
6   0.756      0.000
active nele = 4, active nspinorb = nqubits = 12
MO occupancy in HF = [2. 2. 1. 1. 0. 0. 0.]
HF state in binary = 0b000000010111, where 1 is occ, 0 is unocc, and consider this by rotating it 90º counterclockwise!
Check HF energy:
 pyscf           = -15.2809356978
 qulacs          = -15.2809356978
 hf_ene_from_mat = -15.2809356978


=== Electronic Configuration: 0 ===

Energy: -15.575665249987965 [Eh]
|Psi> = (  0.0135324355) |000100001110>
      + (  0.0014969469) |001000110001>
      + (  0.0014969469) |001011000001>
      + (  0.0349766816) |001100000011>
      + (  0.0642750482) |001100001100>
      + (  0.0572294011) |001100110000>
      + (  0.0572294011) |001111000000>
      + (  0.0039403776) |010100001010>
      + (  0.0529877692) |011000000110>
      + (  0.0713848354) |011100001000>
      + (  0.0053568648) |100000000111>
      + (  0.0085717754) |100000110100>
      + (  0.0085717754) |100011000100>
      + (  0.0529877692) |100100001001>
      + (  0.0039403776) |101000000101>
      + (  0.0454754740) |110000000011>
      + (  0.1001575073) |110000001100>
      + (  0.0799338540) |111000000001>
total probability = 0.041499535229077615


=== CASCI Result ===

CASCI E = -15.575665249988  E(CI) = -3.72381257770111  S^2 = 0.0000000
CASCI energy = -15.57566524998798
[0 1 2 4]
[ 3  5  6  7  8  9 10 11]
singles (15) = [[0, 3], [0, 5], [0, 7], [0, 9], [0, 11], [2, 3], [2, 5], [2, 7], [2, 9], [2, 11], [3, 4], [4, 5], [4, 7], [4, 9], [4, 11]]

doubles (75) = [[0, 1, 3, 5], [0, 1, 3, 7], [0, 1, 3, 9], [0, 1, 3, 11], [0, 1, 5, 7], [0, 1, 5, 9], [0, 1, 5, 11], [0, 1, 7, 9], [0, 1, 7, 11], [0, 1, 9, 11], [0, 2, 3, 6], [0, 2, 3, 8], [0, 2, 3, 10], [0, 2, 5, 6], [0, 2, 5, 8], [0, 2, 5, 10], [0, 2, 6, 7], [0, 2, 6, 9], [0, 2, 6, 11], [0, 2, 7, 8], [0, 2, 7, 10], [0, 2, 8, 9], [0, 2, 8, 11], [0, 2, 9, 10], [0, 2, 10, 11], [0, 3, 4, 6], [0, 3, 4, 8], [0, 3, 4, 10], [0, 4, 5, 6], [0, 4, 5, 8], [0, 4, 5, 10], [0, 4, 6, 7], [0, 4, 6, 9], [0, 4, 6, 11], [0, 4, 7, 8], [0, 4, 7, 10], [0, 4, 8, 9], [0, 4, 8, 11], [0, 4, 9, 10], [0, 4, 10, 11], [1, 2, 3, 5], [1, 2, 3, 7], [1, 2, 3, 9], [1, 2, 3, 11], [1, 2, 5, 7], [1, 2, 5, 9], [1, 2, 5, 11], [1, 2, 7, 9], [1, 2, 7, 11], [1, 2, 9, 11], [1, 3, 4, 5], [1, 3, 4, 7], [1, 3, 4, 9], [1, 3, 4, 11], [1, 4, 5, 7], [1, 4, 5, 9], [1, 4, 5, 11], [1, 4, 7, 9], [1, 4, 7, 11], [1, 4, 9, 11], [2, 3, 4, 6], [2, 3, 4, 8], [2, 3, 4, 10], [2, 4, 5, 6], [2, 4, 5, 8], [2, 4, 5, 10], [2, 4, 6, 7], [2, 4, 6, 9], [2, 4, 6, 11], [2, 4, 7, 8], [2, 4, 7, 10], [2, 4, 8, 9], [2, 4, 8, 11], [2, 4, 9, 10], [2, 4, 10, 11]]

initial state symmetry = b3g
Symmetry reduced singles (3) = [[2, 5], [3, 4], [4, 11]]

Symmetry reduced doubles (13) = [[0, 1, 3, 5], [0, 1, 5, 11], [0, 2, 5, 8], [0, 3, 4, 8], [0, 4, 8, 11], [0, 4, 9, 10], [1, 2, 5, 9], [1, 3, 4, 9], [1, 4, 9, 11], [2, 3, 4, 10], [2, 4, 6, 7], [2, 4, 8, 9], [2, 4, 10, 11]]
Warning: Desired error not necessarily achieved due to precision loss.
         Current function value: -15.541888
         Iterations: 136
         Function evaluations: 3582
         Gradient evaluations: 210
energy history [Eh]: [-14.099797839275741, -14.469848010322078, -14.871271530111795, -14.952744323620779, -15.098149247081285, -15.270455990325972, -15.278766028275996, -15.281070639964495, -15.28112279792041, -15.28114533153839, -15.281156220750061, -15.281251481505173, -15.282315860338741, -15.282452825401894, -15.282714322793979, -15.284412470616253, -15.286412344315663, -15.288404326183464, -15.288620541028465, -15.288678067971157, -15.288731856790045, -15.289174270313056, -15.289874064432732, -15.290514141276091, -15.291169839971344, -15.291578669900066, -15.291613328148502, -15.29167936233157, -15.291804903892306, -15.292040101171283, -15.292462484414392, -15.293110900406141, -15.293548121976556, -15.293911031747868, -15.294551672790153, -15.295019523702319, -15.295103046142515, -15.29513920804391, -15.29516187229286, -15.295201960345617, -15.29527403954771, -15.29540310551465, -15.29563261456984, -15.29605547244729, -15.300429042866671, -15.300481694722212, -15.302505218156803, -15.305185200463956, -15.306679391167535, -15.309221638782246, -15.313662847667699, -15.321336525832859, -15.334494184194373, -15.35732596708297, -15.391937059236556, -15.41425440975362, -15.442563643048334, -15.459744209052346, -15.48338636374595, -15.508625222750513, -15.512689369552437, -15.51474627310133, -15.515451347010831, -15.515604334304232, -15.515717931191219, -15.51669339743812, -15.518358521520165, -15.519350255826577, -15.520986168114604, -15.523395768571351, -15.525025385224264, -15.525155572906018, -15.525378539544826, -15.525727247258796, -15.526235786131673, -15.527153164504703, -15.528851504593538, -15.530708432282951, -15.531996236810588, -15.534119196258423, -15.536277822368884, -15.536711913792846, -15.537381231484511, -15.538443202534925, -15.53981765337099, -15.540782024685456, -15.54138902554907, -15.541453980189763, -15.541499892104529, -15.541578859030805, -15.5416935204078, -15.541746421201303, -15.541762624077721, -15.541781537574485, -15.541801004692855, -15.541823309834001, -15.541832534097905, -15.54183416557721, -15.541834397709884, -15.541834669314953, -15.541835162831864, -15.541836058790924, -15.541837643272485, -15.541840209069651, -15.541843066835478, -15.541844211458821, -15.541845154120777, -15.541845501536399, -15.541846074124926, -15.541847081692826, -15.54184887675507, -15.541852059711767, -15.541857605554142, -15.541866550732312, -15.541878070627456, -15.541884432486633, -15.541887062576977, -15.54188746993312, -15.54188752975892, -15.5418875345541, -15.541887540808961, -15.541887545016177, -15.54188755195547, -15.54188756393501, -15.541887581344001, -15.541887587486462, -15.54188758873439, -15.541887589014788, -15.541887589441254, -15.541887589602041, -15.54188758966418, -15.54188758971776, -15.541887589770086, -15.541887589836357, -15.5418875898423, -15.541887589842307, -15.541887589842375]
VQE energy [Eh]: -15.541887589842375
VQE parameter: [ 3.13936034e+00  1.72651004e+00  5.81134134e-01  3.14349826e+00
  2.56462628e-04 -5.25757194e-04 -1.96435165e-03  5.05288232e-01
  3.57713290e+00  7.82160697e-04  3.42206958e-03 -7.25521356e-02
  3.34896097e-06  8.17156740e-02  1.10824228e+00  1.56270086e+00]

########################################
### distance is now 2.000000 angstrom ###
########################################
HF energy: -15.264930397128019 (Hartree)
FCI energy: None (Hartree)
nele = 6, norb = 7, nspinorb = nqubits = 14
   Energy  Occupancy
0  -4.487      2.000
1  -0.314      2.000
2  -0.153      1.000
3   0.037      1.000
4   0.219      0.000
5   0.219      0.000
6   0.416      0.000
active nele = 4, active nspinorb = nqubits = 12
MO occupancy in HF = [2. 2. 1. 1. 0. 0. 0.]
HF state in binary = 0b000000010111, where 1 is occ, 0 is unocc, and consider this by rotating it 90º counterclockwise!
Check HF energy:
 pyscf           = -15.2649303971
 qulacs          = -15.2649303971
 hf_ene_from_mat = -15.2649303971


=== Electronic Configuration: 0 ===

Energy: -15.445770193137806 [Eh]
|Psi> = (  0.0199098769) |000111000010>
      + (  0.0040871236) |001000001101>
      + (  0.0040871236) |001000110001>
      + (  0.0638576952) |001100000011>
      + (  0.0708280536) |001100001100>
      + (  0.0708280536) |001100110000>
      + (  0.0153477181) |001111000000>
      + (  0.0034847423) |010010000011>
      + (  0.0167063023) |010010001100>
      + (  0.0167063023) |010010110000>
      + (  0.0953857540) |010110000010>
      + (  0.0937019101) |011001000010>
      + (  0.2521281028) |011110000000>
      + (  0.0937019101) |100110000001>
      + (  0.0953857540) |101001000001>
      + (  0.0228076194) |110000000011>
      + (  0.2231866794) |110011000000>
      + (  0.1799703463) |110100000010>
total probability = 0.1973941080476912


=== CASCI Result ===

CASCI E = -15.4457701931378  E(CI) = -3.19660161201537  S^2 = 0.0000000
CASCI energy = -15.445770193137808
[0 1 2 4]
[ 3  5  6  7  8  9 10 11]
singles (15) = [[0, 3], [0, 5], [0, 7], [0, 9], [0, 11], [2, 3], [2, 5], [2, 7], [2, 9], [2, 11], [3, 4], [4, 5], [4, 7], [4, 9], [4, 11]]

doubles (75) = [[0, 1, 3, 5], [0, 1, 3, 7], [0, 1, 3, 9], [0, 1, 3, 11], [0, 1, 5, 7], [0, 1, 5, 9], [0, 1, 5, 11], [0, 1, 7, 9], [0, 1, 7, 11], [0, 1, 9, 11], [0, 2, 3, 6], [0, 2, 3, 8], [0, 2, 3, 10], [0, 2, 5, 6], [0, 2, 5, 8], [0, 2, 5, 10], [0, 2, 6, 7], [0, 2, 6, 9], [0, 2, 6, 11], [0, 2, 7, 8], [0, 2, 7, 10], [0, 2, 8, 9], [0, 2, 8, 11], [0, 2, 9, 10], [0, 2, 10, 11], [0, 3, 4, 6], [0, 3, 4, 8], [0, 3, 4, 10], [0, 4, 5, 6], [0, 4, 5, 8], [0, 4, 5, 10], [0, 4, 6, 7], [0, 4, 6, 9], [0, 4, 6, 11], [0, 4, 7, 8], [0, 4, 7, 10], [0, 4, 8, 9], [0, 4, 8, 11], [0, 4, 9, 10], [0, 4, 10, 11], [1, 2, 3, 5], [1, 2, 3, 7], [1, 2, 3, 9], [1, 2, 3, 11], [1, 2, 5, 7], [1, 2, 5, 9], [1, 2, 5, 11], [1, 2, 7, 9], [1, 2, 7, 11], [1, 2, 9, 11], [1, 3, 4, 5], [1, 3, 4, 7], [1, 3, 4, 9], [1, 3, 4, 11], [1, 4, 5, 7], [1, 4, 5, 9], [1, 4, 5, 11], [1, 4, 7, 9], [1, 4, 7, 11], [1, 4, 9, 11], [2, 3, 4, 6], [2, 3, 4, 8], [2, 3, 4, 10], [2, 4, 5, 6], [2, 4, 5, 8], [2, 4, 5, 10], [2, 4, 6, 7], [2, 4, 6, 9], [2, 4, 6, 11], [2, 4, 7, 8], [2, 4, 7, 10], [2, 4, 8, 9], [2, 4, 8, 11], [2, 4, 9, 10], [2, 4, 10, 11]]

initial state symmetry = b1u
Symmetry reduced singles (5) = [[0, 3], [0, 11], [2, 5], [3, 4], [4, 11]]

Symmetry reduced doubles (14) = [[0, 1, 3, 5], [0, 1, 5, 11], [0, 2, 3, 10], [0, 2, 6, 7], [0, 2, 8, 9], [0, 2, 10, 11], [0, 4, 5, 10], [1, 2, 3, 11], [1, 3, 4, 5], [1, 4, 5, 11], [2, 3, 4, 10], [2, 4, 6, 7], [2, 4, 8, 9], [2, 4, 10, 11]]
Warning: Desired error not necessarily achieved due to precision loss.
         Current function value: -15.364954
         Iterations: 225
         Function evaluations: 6200
         Gradient evaluations: 310
energy history [Eh]: [-14.770623167817481, -15.018762534702761, -15.052448971236718, -15.088986224230448, -15.129925046228827, -15.20556693049299, -15.249264257827452, -15.261712308871733, -15.265999811860029, -15.26617213650868, -15.26619717140602, -15.266230540368742, -15.266291573087774, -15.266407509146017, -15.267154625127194, -15.267536999529339, -15.268204409884042, -15.26907051098911, -15.269205732202098, -15.269334367248318, -15.26934332912498, -15.269352044528937, -15.269366126825126, -15.269391237550192, -15.269436715274365, -15.269516646358824, -15.269640843059431, -15.26973045008469, -15.269754380272401, -15.269772181418142, -15.269777051874211, -15.269784666432791, -15.269797954013777, -15.269821986565358, -15.269865272878851, -15.269939656114989, -15.270050648851617, -15.270127501290569, -15.270167636993177, -15.270198690904696, -15.270216807180642, -15.270248759092123, -15.270306633329175, -15.27041088867105, -15.270586056672212, -15.270815098671322, -15.270931479895188, -15.271016030631385, -15.271061287684775, -15.271087410411077, -15.271093647869275, -15.271094020405792, -15.271094654779166, -15.271095786056943, -15.271097822171434, -15.271101470195392, -15.271107939933168, -15.271119036135264, -15.271137137992776, -15.271165015821017, -15.27120184047364, -15.271253480361496, -15.27128755678242, -15.271295118249816, -15.271302281812435, -15.271306393486697, -15.271313630180972, -15.271326205413683, -15.271347236056494, -15.271381856098381, -15.271439065066204, -15.27153484410176, -15.271682100401767, -15.27179618625087, -15.271819978808328, -15.271825719704893, -15.271827725180456, -15.271828421897185, -15.271828957881114, -15.271829623393193, -15.27183040490184, -15.271831832880476, -15.271834460754683, -15.271839290256834, -15.271847993154486, -15.271862697230159, -15.271881419164156, -15.27189126748738, -15.271902218742735, -15.2719029667867, -15.271903156946365, -15.271903444505513, -15.271903932998198, -15.27190479613411, -15.271906352528557, -15.271909180987006, -15.27191436023695, -15.271923933604848, -15.271941712843669, -15.272089140194717, -15.272120448706652, -15.272177840771294, -15.272261522372496, -15.272417193508186, -15.272713976432664, -15.273244443855768, -15.274096567396537, -15.27497042524738, -15.276280094985502, -15.27863008249431, -15.281883827606892, -15.28428172352597, -15.287896205166449, -15.291949770866601, -15.294065155166104, -15.296066353251293, -15.29968283328127, -15.305484635460704, -15.31158989196171, -15.313314495044732, -15.316021976430214, -15.319801377888258, -15.320981263248836, -15.32263764475536, -15.324036778158728, -15.324959362381835, -15.325729147773432, -15.326043801687247, -15.326161827883542, -15.32626165941543, -15.326333938159813, -15.326467648962554, -15.326713319658511, -15.327152443898042, -15.327891680005028, -15.328851021657975, -15.32973073540491, -15.330854114413516, -15.331539299494132, -15.331878593124342, -15.332078975578764, -15.33219523306773, -15.33230668600572, -15.333053586278618, -15.333213737461728, -15.334497448975801, -15.33631964517914, -15.339354379467874, -15.342220360337024, -15.346206335444807, -15.347746225785906, -15.349994017324011, -15.35373370511314, -15.357823794073932, -15.358597549670147, -15.359679769073999, -15.360398255479408, -15.361130763146495, -15.361738222882215, -15.362559096627399, -15.363403099780797, -15.363968885372145, -15.364099328475135, -15.364174546296912, -15.364220065010143, -15.364282202192316, -15.364322859786355, -15.364364393507667, -15.364414191980988, -15.364457014912425, -15.364476568630815, -15.364483306845484, -15.364487044719926, -15.36449293678644, -15.364502119581973, -15.364515911099922, -15.364531585169331, -15.364543673007356, -15.36454971888338, -15.364553455124822, -15.364559055652233, -15.364568201902213, -15.364582803366291, -15.364601714916127, -15.364612204628006, -15.364619696186956, -15.364623225392961, -15.3646294959065, -15.364640959196182, -15.364661900964986, -15.364698645289668, -15.364752426223811, -15.364796271360396, -15.364856685054601, -15.36492378578757, -15.364931115236526, -15.36493769980577, -15.364943275085867, -15.364946014264707, -15.364949331487418, -15.364952257165886, -15.364953355195546, -15.364953554235038, -15.364953610923944, -15.364953611672039, -15.364953611916972, -15.364953611919091, -15.364953611926861, -15.3649536119642, -15.364953611964276, -15.364953611964287, -15.364953611964303, -15.364953611964337, -15.364953611964436, -15.36495361196454, -15.364953611964623, -15.36495361196477, -15.364953611965007, -15.364953611966728, -15.364953611970108, -15.36495361197011, -15.364953611970142, -15.364953611970146, -15.364953611970147, -15.36495361197019, -15.36495361197019]
VQE energy [Eh]: -15.36495361197019
VQE parameter: [ 1.50624242e-01 -6.29270864e-01  1.11080779e-01  2.16229882e+00
  1.14853329e+00  3.31405303e-01  3.06536585e+00  5.92803253e-01
 -5.39255389e-03 -5.41414965e-03  3.46655243e+00  2.42961937e+00
  2.44892831e-01 -2.26578340e-03  2.95253781e+00  5.68566344e-03
  3.13436009e+00 -3.13433710e+00  3.12051674e+00]

########################################
### distance is now 2.500000 angstrom ###
########################################
HF energy: -15.280445567806618 (Hartree)
FCI energy: None (Hartree)
nele = 6, norb = 7, nspinorb = nqubits = 14
   Energy  Occupancy
0  -4.484      2.000
1  -0.271      2.000
2  -0.104      1.000
3  -0.045      1.000
4   0.221      0.000
5   0.221      0.000
6   0.286      0.000
active nele = 4, active nspinorb = nqubits = 12
MO occupancy in HF = [2. 2. 1. 1. 0. 0. 0.]
HF state in binary = 0b000000010111, where 1 is occ, 0 is unocc, and consider this by rotating it 90º counterclockwise!
Check HF energy:
 pyscf           = -15.2804455678
 qulacs          = -15.2804455678
 hf_ene_from_mat = -15.2804455678


=== Electronic Configuration: 0 ===

Energy: -15.35151147523995 [Eh]
|Psi> = (  0.0391480109) |000111000010>
      + (  0.0022210525) |001000001101>
      + (  0.0022210525) |001000110001>
      + (  0.1058000419) |001100000011>
      + (  0.1153116427) |001100001100>
      + (  0.1153116427) |001100110000>
      + (  0.0191689704) |010010000011>
      + (  0.0292079455) |010010001100>
      + (  0.0292079455) |010010110000>
      + (  0.1029866947) |010110000010>
      + (  0.0886977109) |011001000010>
      + (  0.1368759830) |011110000000>
      + (  0.0886977109) |100110000001>
      + (  0.1029866947) |101001000001>
      + (  0.0016670556) |110000000011>
      + (  0.5069081350) |110011000000>
      + (  0.0977386368) |110100000010>
total probability = 0.3635968878800494


=== CASCI Result ===

CASCI E = -15.3515114752399  E(CI) = -2.8642937488577  S^2 = 0.0000000
CASCI energy = -15.351511475239889
[0 1 2 4]
[ 3  5  6  7  8  9 10 11]
singles (15) = [[0, 3], [0, 5], [0, 7], [0, 9], [0, 11], [2, 3], [2, 5], [2, 7], [2, 9], [2, 11], [3, 4], [4, 5], [4, 7], [4, 9], [4, 11]]

doubles (75) = [[0, 1, 3, 5], [0, 1, 3, 7], [0, 1, 3, 9], [0, 1, 3, 11], [0, 1, 5, 7], [0, 1, 5, 9], [0, 1, 5, 11], [0, 1, 7, 9], [0, 1, 7, 11], [0, 1, 9, 11], [0, 2, 3, 6], [0, 2, 3, 8], [0, 2, 3, 10], [0, 2, 5, 6], [0, 2, 5, 8], [0, 2, 5, 10], [0, 2, 6, 7], [0, 2, 6, 9], [0, 2, 6, 11], [0, 2, 7, 8], [0, 2, 7, 10], [0, 2, 8, 9], [0, 2, 8, 11], [0, 2, 9, 10], [0, 2, 10, 11], [0, 3, 4, 6], [0, 3, 4, 8], [0, 3, 4, 10], [0, 4, 5, 6], [0, 4, 5, 8], [0, 4, 5, 10], [0, 4, 6, 7], [0, 4, 6, 9], [0, 4, 6, 11], [0, 4, 7, 8], [0, 4, 7, 10], [0, 4, 8, 9], [0, 4, 8, 11], [0, 4, 9, 10], [0, 4, 10, 11], [1, 2, 3, 5], [1, 2, 3, 7], [1, 2, 3, 9], [1, 2, 3, 11], [1, 2, 5, 7], [1, 2, 5, 9], [1, 2, 5, 11], [1, 2, 7, 9], [1, 2, 7, 11], [1, 2, 9, 11], [1, 3, 4, 5], [1, 3, 4, 7], [1, 3, 4, 9], [1, 3, 4, 11], [1, 4, 5, 7], [1, 4, 5, 9], [1, 4, 5, 11], [1, 4, 7, 9], [1, 4, 7, 11], [1, 4, 9, 11], [2, 3, 4, 6], [2, 3, 4, 8], [2, 3, 4, 10], [2, 4, 5, 6], [2, 4, 5, 8], [2, 4, 5, 10], [2, 4, 6, 7], [2, 4, 6, 9], [2, 4, 6, 11], [2, 4, 7, 8], [2, 4, 7, 10], [2, 4, 8, 9], [2, 4, 8, 11], [2, 4, 9, 10], [2, 4, 10, 11]]

initial state symmetry = b1u
Symmetry reduced singles (5) = [[0, 3], [0, 11], [2, 5], [3, 4], [4, 11]]

Symmetry reduced doubles (14) = [[0, 1, 3, 5], [0, 1, 5, 11], [0, 2, 3, 10], [0, 2, 6, 7], [0, 2, 8, 9], [0, 2, 10, 11], [0, 4, 5, 10], [1, 2, 3, 11], [1, 3, 4, 5], [1, 4, 5, 11], [2, 3, 4, 10], [2, 4, 6, 7], [2, 4, 8, 9], [2, 4, 10, 11]]
Warning: Desired error not necessarily achieved due to precision loss.
         Current function value: -15.316543
         Iterations: 220
         Function evaluations: 5852
         Gradient evaluations: 292
energy history [Eh]: [-14.90065976385696, -15.142691199103421, -15.163431314849358, -15.170697777440498, -15.18142750035135, -15.185617628264442, -15.23726095804729, -15.243845095799237, -15.255613988759482, -15.273373470916118, -15.278710101263943, -15.280937933920505, -15.280997295455458, -15.281002089136615, -15.281006748839017, -15.281015263463193, -15.281031135185078, -15.28106102629866, -15.281117402143568, -15.281221218716567, -15.281398544264547, -15.2815606673679, -15.28169387110237, -15.281907620629598, -15.282058599049957, -15.282064068698666, -15.282066160407236, -15.282066910956837, -15.282073211979078, -15.282084132650523, -15.282103400826884, -15.282136931580352, -15.282191977975254, -15.282269359252226, -15.282336855064763, -15.282396038188528, -15.2824027574551, -15.2824053169749, -15.282410039101999, -15.282418917164177, -15.282435612324289, -15.282466690289768, -15.28252397479516, -15.28262320652875, -15.28275667257827, -15.282839874415735, -15.282955975267223, -15.283039840109636, -15.283056886524477, -15.283058080830463, -15.283060241703202, -15.283064274082834, -15.283071697051609, -15.283085375842143, -15.283109775082012, -15.28314858093462, -15.283185059424339, -15.28319971093108, -15.283213590980157, -15.283215694374352, -15.283215858906537, -15.28321598796004, -15.283216840391443, -15.283218443626696, -15.283230893442212, -15.283253070905559, -15.283291544406403, -15.283320285675124, -15.28336426491146, -15.283426583479109, -15.283442797210846, -15.283443305860787, -15.28344350690705, -15.283443572444927, -15.28344360187931, -15.283443649074272, -15.283443724896035, -15.283443866765213, -15.283444124859669, -15.283444570269815, -15.283445359450416, -15.283446762084804, -15.28344924928454, -15.283453419865515, -15.283460627142146, -15.283473165350747, -15.283513322858852, -15.283524414999777, -15.283544743170616, -15.28358176556977, -15.283646629761023, -15.283753828585482, -15.28391336051832, -15.284104253262603, -15.284392236499897, -15.284590954618562, -15.28495403739434, -15.285523071489854, -15.285857061681185, -15.286424977151768, -15.287310388583204, -15.288904377769695, -15.291688075698177, -15.29512675510933, -15.29957600829968, -15.303446448224792, -15.306164853704036, -15.306600810818523, -15.307406955590675, -15.308799347581651, -15.310926695667005, -15.31272969215451, -15.313148302567466, -15.313770768835585, -15.314301807531281, -15.31456608550967, -15.314749979995163, -15.315040165511292, -15.315370622063277, -15.315537921819036, -15.315659944120778, -15.315721409424293, -15.315794184804233, -15.315843331647033, -15.315875419793246, -15.315907190926668, -15.315946317732289, -15.315983917770666, -15.316016058779748, -15.316052788671614, -15.316104213162122, -15.316164241439813, -15.316205591348774, -15.316220751487144, -15.316224124001671, -15.316225500745334, -15.316226092525449, -15.316226210022174, -15.316226232177243, -15.31622625716996, -15.316226302732154, -15.316226386818567, -15.316226543502577, -15.316226844227975, -15.316227401983983, -15.31622840099746, -15.316230097720048, -15.316232625817555, -15.316235397953513, -15.316239157637552, -15.316241761639683, -15.316242897295343, -15.316242964175757, -15.316242990787277, -15.31624301113761, -15.316243169623744, -15.316243461787261, -15.316244005082922, -15.31624499285224, -15.316246896476743, -15.316250430209559, -15.31625636668157, -15.316259963076474, -15.316264946895993, -15.316272453063776, -15.316281523555116, -15.316282724259267, -15.316282957737302, -15.316283329521342, -15.316283819024903, -15.316284192927814, -15.316284489955207, -15.316284537546203, -15.316284545470625, -15.31628455096977, -15.31628455596915, -15.316284594822358, -15.316284657736873, -15.316284737689838, -15.316284830957601, -15.316284984416983, -15.31628525401738, -15.316285745205725, -15.316286623125613, -15.316288130423544, -15.316290585761374, -15.316294293129095, -15.316300471817547, -15.316321696310927, -15.316333443286286, -15.316355724752844, -15.316397513980087, -15.316468501248123, -15.316529045805359, -15.316532397013475, -15.316537358583474, -15.316540199661342, -15.316541032192164, -15.316542183820705, -15.316542792703823, -15.316542968880324, -15.316542994302486, -15.31654299569791, -15.316542995719988, -15.316542995725861, -15.316542995736153, -15.316542996092307, -15.316542996234705, -15.31654299628185, -15.316542996296045, -15.31654299635579, -15.31654299638637, -15.316542996392954, -15.316542996397915, -15.316542996402989, -15.31654299644833, -15.316542996484827, -15.316542996517988, -15.316542996524724, -15.316542996524774, -15.316542996524817]
VQE energy [Eh]: -15.316542996524817
VQE parameter: [-0.00487779 -0.07044689  1.04682413  2.00754763  0.01259867  1.83646313
  0.19513129  1.08339695 -0.0107787  -0.02499226  0.09532709 -1.02063119
  0.57438465 -0.03757792  2.29159385  0.01689237  0.65989176  0.8868465
  1.97544893]

########################################
### distance is now 3.000000 angstrom ###
########################################
HF energy: -15.28415147182119 (Hartree)
FCI energy: None (Hartree)
nele = 6, norb = 7, nspinorb = nqubits = 14
   Energy  Occupancy
0  -4.484      2.000
1  -0.258      2.000
2  -0.086      1.000
3  -0.071      1.000
4   0.221      0.000
5   0.221      0.000
6   0.240      0.000
active nele = 4, active nspinorb = nqubits = 12
MO occupancy in HF = [2. 2. 1. 1. 0. 0. 0.]
HF state in binary = 0b000000010111, where 1 is occ, 0 is unocc, and consider this by rotating it 90º counterclockwise!
Check HF energy:
 pyscf           = -15.2841514718
 qulacs          = -15.2841514718
 hf_ene_from_mat = -15.2841514718


=== Electronic Configuration: 0 ===

Energy: -15.336475465884597 [Eh]
|Psi> = (  0.0000165497) |000100001110>
      + (  0.0000165497) |000100110010>
      + (  0.0284106179) |001011000001>
      + (  0.1268575017) |001100000011>
      + (  0.1329095186) |001100001100>
      + (  0.1329095186) |001100110000>
      + (  0.0173816951) |010010000011>
      + (  0.0202087299) |010010001100>
      + (  0.0202087299) |010010110000>
      + (  0.0539089062) |011010000001>
      + (  0.0135739980) |011110000000>
      + (  0.0539089062) |100101000010>
      + (  0.6491795003) |110011000000>
      + (  0.0118795806) |111000000001>
total probability = 0.4809205203611128


=== CASCI Result ===

CASCI E = -15.3364754658846  E(CI) = -2.69055279252786  S^2 = 0.0000000
CASCI energy = -15.336475465884623
[0 1 2 4]
[ 3  5  6  7  8  9 10 11]
singles (15) = [[0, 3], [0, 5], [0, 7], [0, 9], [0, 11], [2, 3], [2, 5], [2, 7], [2, 9], [2, 11], [3, 4], [4, 5], [4, 7], [4, 9], [4, 11]]

doubles (75) = [[0, 1, 3, 5], [0, 1, 3, 7], [0, 1, 3, 9], [0, 1, 3, 11], [0, 1, 5, 7], [0, 1, 5, 9], [0, 1, 5, 11], [0, 1, 7, 9], [0, 1, 7, 11], [0, 1, 9, 11], [0, 2, 3, 6], [0, 2, 3, 8], [0, 2, 3, 10], [0, 2, 5, 6], [0, 2, 5, 8], [0, 2, 5, 10], [0, 2, 6, 7], [0, 2, 6, 9], [0, 2, 6, 11], [0, 2, 7, 8], [0, 2, 7, 10], [0, 2, 8, 9], [0, 2, 8, 11], [0, 2, 9, 10], [0, 2, 10, 11], [0, 3, 4, 6], [0, 3, 4, 8], [0, 3, 4, 10], [0, 4, 5, 6], [0, 4, 5, 8], [0, 4, 5, 10], [0, 4, 6, 7], [0, 4, 6, 9], [0, 4, 6, 11], [0, 4, 7, 8], [0, 4, 7, 10], [0, 4, 8, 9], [0, 4, 8, 11], [0, 4, 9, 10], [0, 4, 10, 11], [1, 2, 3, 5], [1, 2, 3, 7], [1, 2, 3, 9], [1, 2, 3, 11], [1, 2, 5, 7], [1, 2, 5, 9], [1, 2, 5, 11], [1, 2, 7, 9], [1, 2, 7, 11], [1, 2, 9, 11], [1, 3, 4, 5], [1, 3, 4, 7], [1, 3, 4, 9], [1, 3, 4, 11], [1, 4, 5, 7], [1, 4, 5, 9], [1, 4, 5, 11], [1, 4, 7, 9], [1, 4, 7, 11], [1, 4, 9, 11], [2, 3, 4, 6], [2, 3, 4, 8], [2, 3, 4, 10], [2, 4, 5, 6], [2, 4, 5, 8], [2, 4, 5, 10], [2, 4, 6, 7], [2, 4, 6, 9], [2, 4, 6, 11], [2, 4, 7, 8], [2, 4, 7, 10], [2, 4, 8, 9], [2, 4, 8, 11], [2, 4, 9, 10], [2, 4, 10, 11]]

initial state symmetry = b1u
Symmetry reduced singles (5) = [[0, 3], [0, 11], [2, 5], [3, 4], [4, 11]]

Symmetry reduced doubles (14) = [[0, 1, 3, 5], [0, 1, 5, 11], [0, 2, 3, 10], [0, 2, 6, 7], [0, 2, 8, 9], [0, 2, 10, 11], [0, 4, 5, 10], [1, 2, 3, 11], [1, 3, 4, 5], [1, 4, 5, 11], [2, 3, 4, 10], [2, 4, 6, 7], [2, 4, 8, 9], [2, 4, 10, 11]]
Warning: Desired error not necessarily achieved due to precision loss.
         Current function value: -15.284927
         Iterations: 306
         Function evaluations: 8891
         Gradient evaluations: 444
energy history [Eh]: [-14.945955475877714, -15.180657981090821, -15.199547722611127, -15.207983002328888, -15.212895518427008, -15.215026496052467, -15.217114043549833, -15.220898026543736, -15.226764170502081, -15.235043723267811, -15.250254616354493, -15.26884330583522, -15.276768153753874, -15.282269095023722, -15.284088703962832, -15.284433989477225, -15.284446961641937, -15.28444733539942, -15.284447945675725, -15.284449065588136, -15.28445115077197, -15.284455053240935, -15.284462313888405, -15.284475481415482, -15.284497820834858, -15.284529368792853, -15.284558641018005, -15.284603820712826, -15.284649281469203, -15.2846553864367, -15.284656016839035, -15.284656261859775, -15.284656624422867, -15.284657313445532, -15.284658576027642, -15.284660898243885, -15.284665319733415, -15.284673489198447, -15.284688229503399, -15.284713404096054, -15.284749191482076, -15.284780296063717, -15.284821794948666, -15.284851456516973, -15.284854973605116, -15.284855061094987, -15.284855101937351, -15.28485516335975, -15.284855280484239, -15.284855498980344, -15.284855901334586, -15.284856621439086, -15.284857917310495, -15.284860081084258, -15.284863249230611, -15.284866027182332, -15.28486845807933, -15.284870064382664, -15.284870194711296, -15.284870214814674, -15.2848702358434, -15.284870271881704, -15.284870538652719, -15.284871000815263, -15.284871859109732, -15.284873373682196, -15.284875973544032, -15.284879779881459, -15.284883197814812, -15.284885984214398, -15.284887022645506, -15.284887228774513, -15.284887326884682, -15.284887350929607, -15.284887385559554, -15.284887403598285, -15.28488742298505, -15.28488745724355, -15.284887758201995, -15.284888326664312, -15.284889339263719, -15.284890895135463, -15.284892792367211, -15.284895565294175, -15.284899385435564, -15.284905271763197, -15.28491267584486, -15.284917271316111, -15.284920445600264, -15.284921820759934, -15.284922332478956, -15.284922492907018, -15.28492257411298, -15.284922614179443, -15.284922641117182, -15.2849226589635, -15.284922672207124, -15.28492268008032, -15.284922681116372, -15.284922686269963, -15.284922689472515, -15.284922689887923, -15.284922690535362, -15.284922695946074, -15.284922702655981, -15.284922713498407, -15.284922729003501, -15.284922752669159, -15.284922790155587, -15.2849228482467, -15.284922930039269, -15.284923043931347, -15.284923134299204, -15.284923186427402, -15.284923252314796, -15.28492337338269, -15.284923508294074, -15.284923764329982, -15.284924167353811, -15.284924575346285, -15.284924911040445, -15.28492538670618, -15.284925955688887, -15.284926333897548, -15.2849264134274, -15.284926430378741, -15.284926456669407, -15.284926487409178, -15.284926507032665, -15.284926525919149, -15.284926538698544, -15.284926554573799, -15.284926571088207, -15.284926583470526, -15.284926593320975, -15.284926598347331, -15.28492660146133, -15.284926604939589, -15.284926606157287, -15.284926606962856, -15.284926608048412, -15.28492660956649, -15.284926611116841, -15.28492661181838, -15.284926612569699, -15.284926613260144, -15.284926617709667, -15.28492662057052, -15.284926621630714, -15.284926622222134, -15.284926623367358, -15.284926624883742, -15.284926626700639, -15.284926626709815, -15.284926626721754, -15.28492662674257, -15.284926626933299, -15.284926628176102, -15.284926640199707, -15.284926647606918, -15.284926660589543, -15.284926670042273, -15.284926672402108, -15.284926676005366, -15.284926679487896, -15.284926683115561, -15.284926688286049, -15.284926697862407, -15.284926709698091, -15.284926716830306, -15.28492672188353, -15.284926726206455, -15.284926726776884, -15.284926727627358, -15.284926729136048, -15.284926731622946, -15.284926737753967, -15.284926738370716, -15.284926739464526, -15.284926741547721, -15.284926745197952, -15.284926751257867, -15.284926757595265, -15.284926760110043, -15.284926768106423, -15.284926768106521, -15.284926768122602, -15.28492676828953, -15.284926768621728, -15.284926769301231, -15.28492677008549, -15.284926770268637, -15.284926771549246, -15.284926773448921, -15.284926782054391, -15.284926783645373, -15.284926789077211, -15.284926789411944, -15.284926790642123, -15.28492679070615, -15.284926790753728, -15.284926790825569, -15.284926791436867, -15.284926792437068, -15.284926793922011, -15.284926796595267, -15.284926801884797, -15.284926807486878, -15.284926811171333, -15.28492681801003, -15.28492682339883, -15.28492682532363, -15.284926826956799, -15.284926827397678, -15.284926827397706, -15.284926827398651, -15.284926827436271, -15.284926828862648, -15.284926831173946, -15.284926832861215, -15.284926833714342, -15.284926835472069, -15.284926839202287, -15.284926842818601, -15.284926844604907, -15.28492684754063, -15.284926851955737, -15.284926857085901, -15.284926864521909, -15.284926864667325, -15.28492686604388, -15.284926866365172, -15.284926866762804, -15.284926867076802, -15.284926867425352, -15.284926867960973, -15.28492686866684, -15.284926869422208, -15.284926873716927, -15.284926876273618, -15.28492688093279, -15.284926886962328, -15.284926892443847, -15.284926892447729, -15.284926898554886, -15.284926899011404, -15.284926899886736, -15.2849269066378, -15.284926910036162, -15.284926913517735, -15.284926919183446, -15.284926919686985, -15.284926923021494, -15.284926927398107, -15.284926933738959, -15.28492693630449, -15.284926937178657, -15.284926937178682, -15.284926937179634, -15.28492693913479, -15.28492694056851, -15.284926940764, -15.2849269409261, -15.284926940990598, -15.284926941035437, -15.284926941061288, -15.284926941087567, -15.284926941253696, -15.284926941653474, -15.284926941790008, -15.284926941879554, -15.284926942083565, -15.284926943754526, -15.28492694699282, -15.284926948165957, -15.284926949628378, -15.284926950564332, -15.284926951936548, -15.284926952908169, -15.284926954361458, -15.284926957080572, -15.284926962838778, -15.284926976095049, -15.284926978026892, -15.284926978451153, -15.284926978462275, -15.284926978462368, -15.284926978462828, -15.28492697846362, -15.284926978471196, -15.284926978486624, -15.28492697851945, -15.284926978580446, -15.284926978665558, -15.284926978786928, -15.284926979417325, -15.284926979477474, -15.28492697958236, -15.284926979747876, -15.284926979942654, -15.284926979969683, -15.284926979987182, -15.28492698014084, -15.284926980281146, -15.284926980304284, -15.284926980304306, -15.284926980304316]
VQE energy [Eh]: -15.284926980304316
VQE parameter: [ 0.00165903  0.00320536  1.53419843  1.58750923 -0.03543648  1.58316878
  1.65500658  1.00020665  1.34541522  1.33167704  0.92149267  0.99437669
  0.99328609  0.58551318  0.79925857 -0.07711185  0.54882766  0.79455327
  1.64912458]

########################################
### distance is now 3.500000 angstrom ###
########################################
HF energy: -15.284967698357576 (Hartree)
FCI energy: None (Hartree)
nele = 6, norb = 7, nspinorb = nqubits = 14
   Energy  Occupancy
0  -4.484      2.000
1  -0.255      2.000
2  -0.081      1.000
3  -0.078      1.000
4   0.221      0.000
5   0.221      0.000
6   0.226      0.000
active nele = 4, active nspinorb = nqubits = 12
MO occupancy in HF = [2. 2. 1. 1. 0. 0. 0.]
HF state in binary = 0b000000010111, where 1 is occ, 0 is unocc, and consider this by rotating it 90º counterclockwise!
Check HF energy:
 pyscf           = -15.2849676984
 qulacs          = -15.2849676984
 hf_ene_from_mat = -15.2849676984


=== Electronic Configuration: 0 ===

Energy: -15.336394188137056 [Eh]
|Psi> = (  0.0001203757) |001000001101>
      + (  0.0001203757) |001000110001>
      + (  0.0143991566) |001011000001>
      + (  0.1309826530) |001100000011>
      + (  0.1325891671) |001100001100>
      + (  0.1325891671) |001100110000>
      + (  0.0089480629) |010010000011>
      + (  0.0097227399) |010010001100>
      + (  0.0097227399) |010010110000>
      + (  0.0117166739) |011010000001>
      + (  0.0117166739) |100101000010>
      + (  0.0012010998) |101101000000>
      + (  0.6657858962) |110011000000>
      + (  0.0005434665) |111000000001>
total probability = 0.4963398841086487


=== CASCI Result ===

CASCI E = -15.3363941881371  E(CI) = -2.57709272546009  S^2 = 0.0000000
CASCI energy = -15.33639418813706
[0 1 2 4]
[ 3  5  6  7  8  9 10 11]
singles (15) = [[0, 3], [0, 5], [0, 7], [0, 9], [0, 11], [2, 3], [2, 5], [2, 7], [2, 9], [2, 11], [3, 4], [4, 5], [4, 7], [4, 9], [4, 11]]

doubles (75) = [[0, 1, 3, 5], [0, 1, 3, 7], [0, 1, 3, 9], [0, 1, 3, 11], [0, 1, 5, 7], [0, 1, 5, 9], [0, 1, 5, 11], [0, 1, 7, 9], [0, 1, 7, 11], [0, 1, 9, 11], [0, 2, 3, 6], [0, 2, 3, 8], [0, 2, 3, 10], [0, 2, 5, 6], [0, 2, 5, 8], [0, 2, 5, 10], [0, 2, 6, 7], [0, 2, 6, 9], [0, 2, 6, 11], [0, 2, 7, 8], [0, 2, 7, 10], [0, 2, 8, 9], [0, 2, 8, 11], [0, 2, 9, 10], [0, 2, 10, 11], [0, 3, 4, 6], [0, 3, 4, 8], [0, 3, 4, 10], [0, 4, 5, 6], [0, 4, 5, 8], [0, 4, 5, 10], [0, 4, 6, 7], [0, 4, 6, 9], [0, 4, 6, 11], [0, 4, 7, 8], [0, 4, 7, 10], [0, 4, 8, 9], [0, 4, 8, 11], [0, 4, 9, 10], [0, 4, 10, 11], [1, 2, 3, 5], [1, 2, 3, 7], [1, 2, 3, 9], [1, 2, 3, 11], [1, 2, 5, 7], [1, 2, 5, 9], [1, 2, 5, 11], [1, 2, 7, 9], [1, 2, 7, 11], [1, 2, 9, 11], [1, 3, 4, 5], [1, 3, 4, 7], [1, 3, 4, 9], [1, 3, 4, 11], [1, 4, 5, 7], [1, 4, 5, 9], [1, 4, 5, 11], [1, 4, 7, 9], [1, 4, 7, 11], [1, 4, 9, 11], [2, 3, 4, 6], [2, 3, 4, 8], [2, 3, 4, 10], [2, 4, 5, 6], [2, 4, 5, 8], [2, 4, 5, 10], [2, 4, 6, 7], [2, 4, 6, 9], [2, 4, 6, 11], [2, 4, 7, 8], [2, 4, 7, 10], [2, 4, 8, 9], [2, 4, 8, 11], [2, 4, 9, 10], [2, 4, 10, 11]]

initial state symmetry = b1u
Symmetry reduced singles (5) = [[0, 3], [0, 11], [2, 5], [3, 4], [4, 11]]

Symmetry reduced doubles (14) = [[0, 1, 3, 5], [0, 1, 5, 11], [0, 2, 3, 10], [0, 2, 6, 7], [0, 2, 8, 9], [0, 2, 10, 11], [0, 4, 5, 10], [1, 2, 3, 11], [1, 3, 4, 5], [1, 4, 5, 11], [2, 3, 4, 10], [2, 4, 6, 7], [2, 4, 8, 9], [2, 4, 10, 11]]
Warning: Desired error not necessarily achieved due to precision loss.
         Current function value: -15.285115
         Iterations: 252
         Function evaluations: 8140
         Gradient evaluations: 407
energy history [Eh]: [-14.951517590375555, -15.190566902350618, -15.209099646627239, -15.216323560618457, -15.221946479746448, -15.223210161236583, -15.22455654166685, -15.22699999568342, -15.23099583075998, -15.236203212475164, -15.245846454891641, -15.263017238304377, -15.273027414747014, -15.280076141053907, -15.283692942576435, -15.284893520201994, -15.28502660017058, -15.285031272960657, -15.285031284790996, -15.285031305706829, -15.28503133592066, -15.285031362348112, -15.285031400385138, -15.285031469868617, -15.285031594151786, -15.285032468363115, -15.285033392398155, -15.285035054463052, -15.285038134951874, -15.285043548632805, -15.285052437308558, -15.28506224513908, -15.285067806730003, -15.285072118819482, -15.285072734614904, -15.285072775018351, -15.285072779412731, -15.285072784610286, -15.285072829507119, -15.285072902503602, -15.285073030909476, -15.28507381879162, -15.28507454168543, -15.285075940790788, -15.285085239028426, -15.285089490060544, -15.28509583716453, -15.285103001701883, -15.285106227296525, -15.285109207815802, -15.285109565928861, -15.28510973030981, -15.285109755514084, -15.285109757974105, -15.28510976075108, -15.285109764130922, -15.28510976953546, -15.285109769697693, -15.285109769697698, -15.28510976969773, -15.285109769720593, -15.285109784458388, -15.285109807266538, -15.28510982017507, -15.285109826476056, -15.285109834657927, -15.28510989451213, -15.28511035851172, -15.285110563207157, -15.28511086978106, -15.285111176681802, -15.285111204374033, -15.28511121222096, -15.285111217078942, -15.285111254183757, -15.285111321595908, -15.285111454228291, -15.285111709393103, -15.285112066235879, -15.285112176705304, -15.285112202328754, -15.285112220881835, -15.285112226030696, -15.285112233882032, -15.285112247339724, -15.285112267744871, -15.285112280054882, -15.285112304881535, -15.285112317489421, -15.285112338888167, -15.285112431183384, -15.285112455757966, -15.285112498351106, -15.285112556336191, -15.285112650990966, -15.285112690663873, -15.285112761156364, -15.285112867563795, -15.285112940579692, -15.285112955542791, -15.285112983342273, -15.28511303216265, -15.285113090595786, -15.28511310633632, -15.285113116947855, -15.285113117813722, -15.285113119234138, -15.28511312182272, -15.285113125968653, -15.285113131742271, -15.285113136015848, -15.285113138090043, -15.285113139177177, -15.285113148367262, -15.285113156086057, -15.285113173026987, -15.285113175549139, -15.285113190380788, -15.285113202917175, -15.285113204687255, -15.285113205042585, -15.285113205258614, -15.285113205442729, -15.285113205561863, -15.285113205731399, -15.285113205990674, -15.285113208407473, -15.285113228516536, -15.285113259665442, -15.28511331458911, -15.285113389315189, -15.285113584853429, -15.285113707625388, -15.285113876200983, -15.285113921454958, -15.285113927939307, -15.285113935513372, -15.285113942590703, -15.285113946411338, -15.285113977760975, -15.285114016606611, -15.285114048244623, -15.28511416384536, -15.285114320175355, -15.285114421120555, -15.285114506697115, -15.285114511870809, -15.285114521117858, -15.285114538188658, -15.285114565213915, -15.285114583938345, -15.285114586856789, -15.285114593142854, -15.285114602892406, -15.285114614023975, -15.285114625806052, -15.28511463009357, -15.285114630285578, -15.28511463066733, -15.285114633265579, -15.285114633386483, -15.285114633508956, -15.285114633623525, -15.285114633700001, -15.285114633759626, -15.285114633793619, -15.285114633828307, -15.285114634080703, -15.28511463441252, -15.28511463457772, -15.285114636083238, -15.28511463793514, -15.285114645292612, -15.285114656463964, -15.285114669145926, -15.285114678792203, -15.285114682101089, -15.28511468424919, -15.285114684405027, -15.285114684632024, -15.285114684958724, -15.285114686379746, -15.285114686953547, -15.285114687857341, -15.285114688899185, -15.28511469135054, -15.285114695252256, -15.285114699021218, -15.285114823834126, -15.285114858578504, -15.285114866288474, -15.28511487340546, -15.285114874538786, -15.285114875879806, -15.285114877202185, -15.285114882975126, -15.285114888706316, -15.285114911958708, -15.285114998389531, -15.285115026203023, -15.285115031838606, -15.285115037128561, -15.285115037740109, -15.285115039326909, -15.2851150396306, -15.285115042338543, -15.285115045692434, -15.285115063022596, -15.285115095176657, -15.285115122363678, -15.285115135612408, -15.28511513561242, -15.285115138578213, -15.285115138779648, -15.285115145605864, -15.285115152987213, -15.285115158127068, -15.285115163177966, -15.28511516406871, -15.285115171498814, -15.285115184426122, -15.28511518574648, -15.285115189627772, -15.28511519555218, -15.285115196951558, -15.285115196997268, -15.285115197035635, -15.285115197076738, -15.285115197268219, -15.285115197418131, -15.285115197582105, -15.285115197701597, -15.285115197876792, -15.285115198154294, -15.2851151985979, -15.28511519993241, -15.285115200062414, -15.285115201193438, -15.285115202907921, -15.285115204902501, -15.285115216130809, -15.285115234458866, -15.285115242272383, -15.285115243436396, -15.28511524538239, -15.285115248642935, -15.28511525215558, -15.285115252757326, -15.28511525307984, -15.285115253079857, -15.285115253079864, -15.28511525307987, -15.285115253079868]
VQE energy [Eh]: -15.285115253079868
VQE parameter: [ 6.35653892e-04 -1.80619173e-04  1.55577956e+00  1.57479503e+00
  6.05689223e-01  1.13216782e+00  1.64163011e+00  9.73328656e-01
  1.19514057e+00  1.13128860e+00  9.49021325e-01  1.05086072e+00
  9.82004831e-01  6.96101053e-01  8.45824582e-01  2.12152149e-03
  5.47076908e-01  8.27091105e-01  1.60259613e+00]

########################################
### distance is now 4.000000 angstrom ###
########################################
HF energy: -15.285062479854341 (Hartree)
FCI energy: None (Hartree)
nele = 6, norb = 7, nspinorb = nqubits = 14
   Energy  Occupancy
0  -4.484      2.000
1  -0.254      2.000
2  -0.080      1.000
3  -0.079      1.000
4   0.221      0.000
5   0.221      0.000
6   0.222      0.000
active nele = 4, active nspinorb = nqubits = 12
MO occupancy in HF = [2. 2. 1. 1. 0. 0. 0.]
HF state in binary = 0b000000010111, where 1 is occ, 0 is unocc, and consider this by rotating it 90º counterclockwise!
Check HF energy:
 pyscf           = -15.2850624799
 qulacs          = -15.2850624799
 hf_ene_from_mat = -15.2850624799


=== Electronic Configuration: 0 ===

Energy: -15.336494845573693 [Eh]
|Psi> = (  0.0000074622) |000000001111>
      + (  0.0000074622) |000000110011>
      + (  0.1317021808) |000011000011>
      + (  0.1320122654) |000011001100>
      + (  0.1320122654) |000011110000>
      + (  0.0000645484) |001000001101>
      + (  0.0000645484) |001000110001>
      + (  0.0064998466) |001011000001>
      + (  0.0002775084) |001111000000>
      + (  0.0023023103) |011010000001>
      + (  0.0012645445) |011110000000>
      + (  0.0039553221) |100001000011>
      + (  0.0042070636) |100001001100>
      + (  0.0042070636) |100001110000>
      + (  0.0023023103) |100101000010>
      + (  0.0000809345) |110000000011>
      + (  0.0001339438) |110000001100>
      + (  0.0001339438) |110000110000>
      + (  0.0002265487) |110100000010>
      + (  0.6696227175) |111100000000>
total probability = 0.5007001956198702


=== CASCI Result ===

CASCI E = -15.3364948455737  E(CI) = -2.49215094140526  S^2 = 0.0000000
CASCI energy = -15.336494845573696
[0 1 2 4]
[ 3  5  6  7  8  9 10 11]
singles (15) = [[0, 3], [0, 5], [0, 7], [0, 9], [0, 11], [2, 3], [2, 5], [2, 7], [2, 9], [2, 11], [3, 4], [4, 5], [4, 7], [4, 9], [4, 11]]

doubles (75) = [[0, 1, 3, 5], [0, 1, 3, 7], [0, 1, 3, 9], [0, 1, 3, 11], [0, 1, 5, 7], [0, 1, 5, 9], [0, 1, 5, 11], [0, 1, 7, 9], [0, 1, 7, 11], [0, 1, 9, 11], [0, 2, 3, 6], [0, 2, 3, 8], [0, 2, 3, 10], [0, 2, 5, 6], [0, 2, 5, 8], [0, 2, 5, 10], [0, 2, 6, 7], [0, 2, 6, 9], [0, 2, 6, 11], [0, 2, 7, 8], [0, 2, 7, 10], [0, 2, 8, 9], [0, 2, 8, 11], [0, 2, 9, 10], [0, 2, 10, 11], [0, 3, 4, 6], [0, 3, 4, 8], [0, 3, 4, 10], [0, 4, 5, 6], [0, 4, 5, 8], [0, 4, 5, 10], [0, 4, 6, 7], [0, 4, 6, 9], [0, 4, 6, 11], [0, 4, 7, 8], [0, 4, 7, 10], [0, 4, 8, 9], [0, 4, 8, 11], [0, 4, 9, 10], [0, 4, 10, 11], [1, 2, 3, 5], [1, 2, 3, 7], [1, 2, 3, 9], [1, 2, 3, 11], [1, 2, 5, 7], [1, 2, 5, 9], [1, 2, 5, 11], [1, 2, 7, 9], [1, 2, 7, 11], [1, 2, 9, 11], [1, 3, 4, 5], [1, 3, 4, 7], [1, 3, 4, 9], [1, 3, 4, 11], [1, 4, 5, 7], [1, 4, 5, 9], [1, 4, 5, 11], [1, 4, 7, 9], [1, 4, 7, 11], [1, 4, 9, 11], [2, 3, 4, 6], [2, 3, 4, 8], [2, 3, 4, 10], [2, 4, 5, 6], [2, 4, 5, 8], [2, 4, 5, 10], [2, 4, 6, 7], [2, 4, 6, 9], [2, 4, 6, 11], [2, 4, 7, 8], [2, 4, 7, 10], [2, 4, 8, 9], [2, 4, 8, 11], [2, 4, 9, 10], [2, 4, 10, 11]]

initial state symmetry = b1u
Symmetry reduced singles (5) = [[0, 3], [0, 11], [2, 5], [3, 4], [4, 11]]

Symmetry reduced doubles (14) = [[0, 1, 3, 5], [0, 1, 5, 11], [0, 2, 3, 10], [0, 2, 6, 7], [0, 2, 8, 9], [0, 2, 10, 11], [0, 4, 5, 10], [1, 2, 3, 11], [1, 3, 4, 5], [1, 4, 5, 11], [2, 3, 4, 10], [2, 4, 6, 7], [2, 4, 8, 9], [2, 4, 10, 11]]
Warning: Desired error not necessarily achieved due to precision loss.
         Current function value: -15.285081
         Iterations: 113
         Function evaluations: 4395
         Gradient evaluations: 219
energy history [Eh]: [-14.944669181127704, -15.189850667544407, -15.210593974764365, -15.216900780200403, -15.22408930060485, -15.224823300308456, -15.226087171413678, -15.22833072739899, -15.231786259626336, -15.236936952698084, -15.24585784904084, -15.260735427116288, -15.27371494237665, -15.281766183801203, -15.284319239368495, -15.285049161015808, -15.285069207119047, -15.28506947392544, -15.285069474601363, -15.285069474682084, -15.285069475363803, -15.285069476353417, -15.285069477799052, -15.285069480803447, -15.28506948694907, -15.285069531385385, -15.285069609490272, -15.285069723714908, -15.285069932809808, -15.2850702375328, -15.285070569956437, -15.285071162994765, -15.285074316341195, -15.285076051051913, -15.285078691310677, -15.28507968350029, -15.28507989154642, -15.285079916563841, -15.285079926192253, -15.285079928544697, -15.285079931951241, -15.28507993294641, -15.285079933419262, -15.285079933707005, -15.285079933708698, -15.285079933711526, -15.285079933716451, -15.285079933725047, -15.28507993374078, -15.285079933877412, -15.285079934098004, -15.285079934389973, -15.285079934589872, -15.285079934780175, -15.285079935093393, -15.285079938370844, -15.285079958956674, -15.285079967937627, -15.285079982153059, -15.285080013280863, -15.28508005827852, -15.285080120185102, -15.285080328135901, -15.285080382100881, -15.285080466022636, -15.285080557776483, -15.28508069554396, -15.285080773732192, -15.285080821371809, -15.285080870089113, -15.285080898249248, -15.285080898249298, -15.285080900057912, -15.285080901708374, -15.28508090199975, -15.28508090209895, -15.285080902174249, -15.285080902282026, -15.28508090243671, -15.285080902637873, -15.285080902750698, -15.285080902896048, -15.285080903098303, -15.285080903333343, -15.285080904729277, -15.285080906604522, -15.285080909480463, -15.285080925461696, -15.285080925887987, -15.285080927063316, -15.285080929018822, -15.285080931698433, -15.285080946558068, -15.2850810311916, -15.28508105381639, -15.285081085505723, -15.285081115228481, -15.285081129686404, -15.285081143952185, -15.285081161154297, -15.285081170848368, -15.285081179137093, -15.285081184619033, -15.285081192098222, -15.28508120051866, -15.285081208036093, -15.285081212136884, -15.285081231652835, -15.285081244037983, -15.285081256798426, -15.285081256798431, -15.285081256798499, -15.285081256798506, -15.285081256798547]
VQE energy [Eh]: -15.285081256798547
VQE parameter: [1.00628182e-04 1.24429159e-05 1.56573400e+00 1.57204895e+00
 7.08387609e-01 1.07842807e+00 1.21329776e+00 8.96071191e-01
 9.20774077e-01 9.01274445e-01 9.14131138e-01 9.41376098e-01
 9.47132283e-01 7.41508335e-01 1.93086874e+00 1.13624506e+00
 8.77285692e-01 1.03029154e+00 1.29271245e+00]

Normal termination of the VQE calculation.

